2018-03-29 09:59:17,279 - Call 0: santa cruz (http://api.openweathermap.org/data/2.5/weather?lat=37&lon=-122)
2018-03-29 10:08:07,981 - Call 0: yellowknife (http://api.openweathermap.org/data/2.5/weather?lat=67&lon=-117)
2018-03-29 10:08:09,581 - Call 1: tchibanga (http://api.openweathermap.org/data/2.5/weather?lat=-3&lon=11)
2018-03-29 10:08:10,901 - Call 2: mataura (http://api.openweathermap.org/data/2.5/weather?lat=-23&lon=-146)
2018-03-29 10:08:12,228 - Call 3: nouadhibou (http://api.openweathermap.org/data/2.5/weather?lat=20&lon=-19)
2018-03-29 10:08:13,542 - Call 4: cape town (http://api.openweathermap.org/data/2.5/weather?lat=-47&lon=6)
2018-03-29 10:08:14,990 - Call 5: mataura (http://api.openweathermap.org/data/2.5/weather?lat=-31&lon=-150)
2018-03-29 10:08:16,330 - Call 6: diego de almagro (http://api.openweathermap.org/data/2.5/weather?lat=-26&lon=-68)
2018-03-29 10:08:18,011 - Call 7: hermanus (http://api.openweathermap.org/data/2.5/weather?lat=-53&lon=16)
2018-03-29 10:08:19,440 - Call 8: tsogni (http://api.openweathermap.org/data/2.5/weather?lat=-4&lon=9)
2018-03-29 10:08:20,760 - Call 9: fairbanks (http://api.openweathermap.org/data/2.5/weather?lat=65&lon=-142)
2018-03-29 10:08:22,340 - Call 10: mys shmidta (http://api.openweathermap.org/data/2.5/weather?lat=68&lon=-178)
2018-03-29 10:08:23,652 - Call 11: ushuaia (http://api.openweathermap.org/data/2.5/weather?lat=-90&lon=-51)
2018-03-29 10:08:25,200 - Call 12: ancud (http://api.openweathermap.org/data/2.5/weather?lat=-40&lon=-98)
2018-03-29 10:08:26,672 - Call 13: butaritari (http://api.openweathermap.org/data/2.5/weather?lat=18&lon=167)
2018-03-29 10:08:27,988 - Call 14: puerto leguizamo (http://api.openweathermap.org/data/2.5/weather?lat=-1&lon=-73)
2018-03-29 10:08:29,520 - Call 15: ust-kuyga (http://api.openweathermap.org/data/2.5/weather?lat=70&lon=137)
2018-03-29 10:08:31,040 - Call 16: iquitos (http://api.openweathermap.org/data/2.5/weather?lat=-3&lon=-73)
2018-03-29 10:08:32,330 - Call 17: yellowknife (http://api.openweathermap.org/data/2.5/weather?lat=68&lon=-119)
2018-03-29 10:08:33,970 - Call 18: puerto ayora (http://api.openweathermap.org/data/2.5/weather?lat=-24&lon=-99)
2018-03-29 10:08:35,442 - Call 19: isiro (http://api.openweathermap.org/data/2.5/weather?lat=2&lon=27)
2018-03-29 10:08:37,010 - Call 20: bluff (http://api.openweathermap.org/data/2.5/weather?lat=-81&lon=164)
2018-03-29 10:08:38,570 - Call 21: lamtah (http://api.openweathermap.org/data/2.5/weather?lat=36&lon=11)
2018-03-29 10:08:39,897 - Call 22: akcakoca (http://api.openweathermap.org/data/2.5/weather?lat=41&lon=31)
2018-03-29 10:08:41,420 - Call 23: macusani (http://api.openweathermap.org/data/2.5/weather?lat=-14&lon=-70)
2018-03-29 10:08:42,732 - Call 24: taolanaro (http://api.openweathermap.org/data/2.5/weather?lat=-43&lon=51)
2018-03-29 10:08:44,291 - Call 25: busselton (http://api.openweathermap.org/data/2.5/weather?lat=-46&lon=90)
2018-03-29 10:08:45,610 - Call 26: mataura (http://api.openweathermap.org/data/2.5/weather?lat=-83&lon=-158)
2018-03-29 10:08:46,910 - Call 27: bluff (http://api.openweathermap.org/data/2.5/weather?lat=-62&lon=159)
2018-03-29 10:08:49,044 - Call 28: jamestown (http://api.openweathermap.org/data/2.5/weather?lat=-49&lon=-14)
2018-03-29 10:08:50,350 - Call 29: port hardy (http://api.openweathermap.org/data/2.5/weather?lat=47&lon=-134)
2018-03-29 10:08:51,705 - Call 30: hithadhoo (http://api.openweathermap.org/data/2.5/weather?lat=-9&lon=72)
2018-03-29 10:08:53,360 - Call 31: preobrazheniye (http://api.openweathermap.org/data/2.5/weather?lat=42&lon=134)
2018-03-29 10:08:54,714 - Call 32: faya (http://api.openweathermap.org/data/2.5/weather?lat=17&lon=19)
2018-03-29 10:08:56,040 - Call 33: virginia beach (http://api.openweathermap.org/data/2.5/weather?lat=37&lon=-74)
2018-03-29 10:08:57,590 - Call 34: longyearbyen (http://api.openweathermap.org/data/2.5/weather?lat=76&lon=20)
2018-03-29 10:08:58,932 - Call 35: mahebourg (http://api.openweathermap.org/data/2.5/weather?lat=-55&lon=79)
2018-03-29 10:09:00,458 - Call 36: kaitangata (http://api.openweathermap.org/data/2.5/weather?lat=-73&lon=176)
2018-03-29 10:09:01,759 - Call 37: chokurdakh (http://api.openweathermap.org/data/2.5/weather?lat=74&lon=147)
2018-03-29 10:09:03,319 - Call 38: kalabo (http://api.openweathermap.org/data/2.5/weather?lat=-15&lon=22)
2018-03-29 10:09:04,864 - Call 39: chuy (http://api.openweathermap.org/data/2.5/weather?lat=-49&lon=-39)
2018-03-29 10:09:06,221 - Call 40: dikson (http://api.openweathermap.org/data/2.5/weather?lat=85&lon=84)
2018-03-29 10:09:07,529 - Call 41: majene (http://api.openweathermap.org/data/2.5/weather?lat=-4&lon=117)
2018-03-29 10:09:08,873 - Call 42: catabola (http://api.openweathermap.org/data/2.5/weather?lat=-12&lon=17)
2018-03-29 10:09:10,218 - Call 43: egvekinot (http://api.openweathermap.org/data/2.5/weather?lat=61&lon=-180)
2018-03-29 10:09:11,539 - Call 44: lydenburg (http://api.openweathermap.org/data/2.5/weather?lat=-25&lon=30)
2018-03-29 10:09:12,999 - Call 45: rikitea (http://api.openweathermap.org/data/2.5/weather?lat=-32&lon=-132)
2018-03-29 10:09:14,300 - Call 46: kapaa (http://api.openweathermap.org/data/2.5/weather?lat=29&lon=-170)
2018-03-29 10:09:15,600 - Call 47: mataura (http://api.openweathermap.org/data/2.5/weather?lat=-70&lon=-157)
2018-03-29 10:09:16,929 - Call 48: meulaboh (http://api.openweathermap.org/data/2.5/weather?lat=1&lon=94)
2018-03-29 10:09:18,501 - Call 49: punta arenas (http://api.openweathermap.org/data/2.5/weather?lat=-56&lon=-79)
2018-03-29 10:09:19,969 - Call 50: itacoatiara (http://api.openweathermap.org/data/2.5/weather?lat=-3&lon=-59)
2018-03-29 10:09:21,500 - Call 51: muros (http://api.openweathermap.org/data/2.5/weather?lat=43&lon=-12)
2018-03-29 10:09:22,921 - Call 52: baturaja (http://api.openweathermap.org/data/2.5/weather?lat=-4&lon=104)
2018-03-29 10:09:24,222 - Call 53: port alfred (http://api.openweathermap.org/data/2.5/weather?lat=-66&lon=41)
2018-03-29 10:09:25,771 - Call 54: san patricio (http://api.openweathermap.org/data/2.5/weather?lat=1&lon=-115)
2018-03-29 10:09:27,152 - Call 55: tasiilaq (http://api.openweathermap.org/data/2.5/weather?lat=54&lon=-33)
2018-03-29 10:09:28,449 - Call 56: malakal (http://api.openweathermap.org/data/2.5/weather?lat=9&lon=32)
2018-03-29 10:09:29,983 - Call 57: kapaa (http://api.openweathermap.org/data/2.5/weather?lat=9&lon=-173)
2018-03-29 10:09:31,419 - Call 58: ust-nera (http://api.openweathermap.org/data/2.5/weather?lat=64&lon=142)
2018-03-29 10:09:32,759 - Call 59: sao filipe (http://api.openweathermap.org/data/2.5/weather?lat=9&lon=-35)
2018-03-29 10:09:34,299 - Call 60: punta arenas (http://api.openweathermap.org/data/2.5/weather?lat=-72&lon=-87)
2018-03-29 10:09:35,609 - Call 61: alice springs (http://api.openweathermap.org/data/2.5/weather?lat=-26&lon=134)
2018-03-29 10:09:36,969 - Call 62: fortuna (http://api.openweathermap.org/data/2.5/weather?lat=39&lon=-127)
2018-03-29 10:09:38,419 - Call 63: new norfolk (http://api.openweathermap.org/data/2.5/weather?lat=-59&lon=131)
2018-03-29 10:09:39,743 - Call 64: sambava (http://api.openweathermap.org/data/2.5/weather?lat=-13&lon=51)
2018-03-29 10:09:41,193 - Call 65: borujerd (http://api.openweathermap.org/data/2.5/weather?lat=34&lon=49)
2018-03-29 10:09:42,590 - Call 66: hobart (http://api.openweathermap.org/data/2.5/weather?lat=-65&lon=153)
2018-03-29 10:09:43,910 - Call 67: rikitea (http://api.openweathermap.org/data/2.5/weather?lat=-43&lon=-119)
2018-03-29 10:09:45,229 - Call 68: yatou (http://api.openweathermap.org/data/2.5/weather?lat=38&lon=124)
2018-03-29 10:09:46,529 - Call 69: new norfolk (http://api.openweathermap.org/data/2.5/weather?lat=-55&lon=137)
2018-03-29 10:09:48,019 - Call 70: otane (http://api.openweathermap.org/data/2.5/weather?lat=-42&lon=178)
2018-03-29 10:09:49,354 - Call 71: tuktoyaktuk (http://api.openweathermap.org/data/2.5/weather?lat=80&lon=-140)
2018-03-29 10:09:50,662 - Call 72: mbanza-ngungu (http://api.openweathermap.org/data/2.5/weather?lat=-5&lon=15)
2018-03-29 10:09:52,085 - Call 73: maragogi (http://api.openweathermap.org/data/2.5/weather?lat=-17&lon=-25)
2018-03-29 10:09:53,441 - Call 74: cape town (http://api.openweathermap.org/data/2.5/weather?lat=-55&lon=-2)
2018-03-29 10:09:54,759 - Call 75: hobart (http://api.openweathermap.org/data/2.5/weather?lat=-43&lon=157)
2018-03-29 10:09:56,458 - Call 76: aklavik (http://api.openweathermap.org/data/2.5/weather?lat=80&lon=-143)
2018-03-29 10:09:57,959 - Call 77: necochea (http://api.openweathermap.org/data/2.5/weather?lat=-43&lon=-57)
2018-03-29 10:09:59,288 - Call 78: akureyri (http://api.openweathermap.org/data/2.5/weather?lat=64&lon=-18)
2018-03-29 10:10:00,895 - Call 79: zyryanka (http://api.openweathermap.org/data/2.5/weather?lat=65&lon=151)
2018-03-29 10:10:02,308 - Call 80: hobart (http://api.openweathermap.org/data/2.5/weather?lat=-65&lon=149)
2018-03-29 10:10:03,786 - Call 81: nicoya (http://api.openweathermap.org/data/2.5/weather?lat=9&lon=-86)
2018-03-29 10:10:05,347 - Call 82: maceio (http://api.openweathermap.org/data/2.5/weather?lat=-15&lon=-30)
2018-03-29 10:10:06,894 - Call 83: bluff (http://api.openweathermap.org/data/2.5/weather?lat=-74&lon=161)
2018-03-29 10:10:08,518 - Call 84: kilosa (http://api.openweathermap.org/data/2.5/weather?lat=-7&lon=37)
2018-03-29 10:10:10,149 - Call 85: muisne (http://api.openweathermap.org/data/2.5/weather?lat=3&lon=-83)
2018-03-29 10:10:11,470 - Call 86: ilhabela (http://api.openweathermap.org/data/2.5/weather?lat=-28&lon=-43)
2018-03-29 10:10:12,798 - Call 87: esperance (http://api.openweathermap.org/data/2.5/weather?lat=-46&lon=124)
2018-03-29 10:10:14,129 - Call 88: taolanaro (http://api.openweathermap.org/data/2.5/weather?lat=-78&lon=67)
2018-03-29 10:10:15,442 - Call 89: san jose (http://api.openweathermap.org/data/2.5/weather?lat=-18&lon=-61)
2018-03-29 10:10:16,773 - Call 90: hilo (http://api.openweathermap.org/data/2.5/weather?lat=28&lon=-141)
2018-03-29 10:10:18,408 - Call 91: tucumcari (http://api.openweathermap.org/data/2.5/weather?lat=35&lon=-104)
2018-03-29 10:10:19,732 - Call 92: east london (http://api.openweathermap.org/data/2.5/weather?lat=-66&lon=48)
2018-03-29 10:10:21,274 - Call 93: lhokseumawe (http://api.openweathermap.org/data/2.5/weather?lat=6&lon=98)
2018-03-29 10:10:22,585 - Call 94: atuona (http://api.openweathermap.org/data/2.5/weather?lat=-17&lon=-141)
2018-03-29 10:10:23,914 - Call 95: tapejara (http://api.openweathermap.org/data/2.5/weather?lat=-28&lon=-52)
2018-03-29 10:10:25,539 - Call 96: bredasdorp (http://api.openweathermap.org/data/2.5/weather?lat=-69&lon=24)
2018-03-29 10:10:27,080 - Call 97: dwarka (http://api.openweathermap.org/data/2.5/weather?lat=22&lon=67)
2018-03-29 10:10:28,414 - Call 98: qandala (http://api.openweathermap.org/data/2.5/weather?lat=16&lon=49)
2018-03-29 10:10:29,754 - Call 99: cape town (http://api.openweathermap.org/data/2.5/weather?lat=-62&lon=0)
2018-03-29 10:10:31,218 - Call 100: rikitea (http://api.openweathermap.org/data/2.5/weather?lat=-20&lon=-131)
2018-03-29 10:10:32,559 - Call 101: rikitea (http://api.openweathermap.org/data/2.5/weather?lat=-40&lon=-110)
2018-03-29 10:10:33,878 - Call 102: odweyne (http://api.openweathermap.org/data/2.5/weather?lat=9&lon=45)
2018-03-29 10:10:35,418 - Call 103: chornukhy (http://api.openweathermap.org/data/2.5/weather?lat=50&lon=33)
2018-03-29 10:10:36,960 - Call 104: taolanaro (http://api.openweathermap.org/data/2.5/weather?lat=-83&lon=65)
2018-03-29 10:10:38,449 - Call 105: bluff (http://api.openweathermap.org/data/2.5/weather?lat=-83&lon=163)
2018-03-29 10:10:39,740 - Call 106: korla (http://api.openweathermap.org/data/2.5/weather?lat=37&lon=88)
2018-03-29 10:10:41,108 - Call 107: belushya guba (http://api.openweathermap.org/data/2.5/weather?lat=88&lon=43)
2018-03-29 10:10:42,438 - Call 108: kaitangata (http://api.openweathermap.org/data/2.5/weather?lat=-74&lon=179)
2018-03-29 10:10:43,988 - Call 109: khani (http://api.openweathermap.org/data/2.5/weather?lat=59&lon=121)
2018-03-29 10:10:45,298 - Call 110: dikson (http://api.openweathermap.org/data/2.5/weather?lat=75&lon=77)
2018-03-29 10:10:46,667 - Call 111: rikitea (http://api.openweathermap.org/data/2.5/weather?lat=-20&lon=-133)
2018-03-29 10:10:48,200 - Call 112: souillac (http://api.openweathermap.org/data/2.5/weather?lat=-52&lon=74)
2018-03-29 10:10:49,739 - Call 113: albany (http://api.openweathermap.org/data/2.5/weather?lat=-84&lon=99)
2018-03-29 10:10:51,059 - Call 114: hermanus (http://api.openweathermap.org/data/2.5/weather?lat=-86&lon=-4)
2018-03-29 10:10:52,590 - Call 115: samusu (http://api.openweathermap.org/data/2.5/weather?lat=-4&lon=-161)
2018-03-29 10:10:54,291 - Call 116: lagunas (http://api.openweathermap.org/data/2.5/weather?lat=-6&lon=-75)
2018-03-29 10:10:55,757 - Call 117: iqaluit (http://api.openweathermap.org/data/2.5/weather?lat=58&lon=-68)
2018-03-29 10:10:57,228 - Call 118: saint george (http://api.openweathermap.org/data/2.5/weather?lat=35&lon=-57)
2018-03-29 10:10:58,558 - Call 119: cape town (http://api.openweathermap.org/data/2.5/weather?lat=-60&lon=-5)
2018-03-29 10:10:59,879 - Call 120: vanimo (http://api.openweathermap.org/data/2.5/weather?lat=-2&lon=141)
2018-03-29 10:11:01,426 - Call 121: vaini (http://api.openweathermap.org/data/2.5/weather?lat=-80&lon=-168)
2018-03-29 10:11:02,764 - Call 122: jamestown (http://api.openweathermap.org/data/2.5/weather?lat=-39&lon=-8)
2018-03-29 10:11:04,224 - Call 123: kurilsk (http://api.openweathermap.org/data/2.5/weather?lat=46&lon=148)
2018-03-29 10:11:05,595 - Call 124: bredasdorp (http://api.openweathermap.org/data/2.5/weather?lat=-63&lon=22)
2018-03-29 10:11:06,907 - Call 125: port hardy (http://api.openweathermap.org/data/2.5/weather?lat=50&lon=-130)
2018-03-29 10:11:08,508 - Call 126: aflu (http://api.openweathermap.org/data/2.5/weather?lat=32&lon=0)
2018-03-29 10:11:09,968 - Call 127: port alfred (http://api.openweathermap.org/data/2.5/weather?lat=-65&lon=37)
2018-03-29 10:11:11,294 - Call 128: saint anthony (http://api.openweathermap.org/data/2.5/weather?lat=57&lon=-54)
2018-03-29 10:11:12,617 - Call 129: rikitea (http://api.openweathermap.org/data/2.5/weather?lat=-34&lon=-141)
2018-03-29 10:11:14,097 - Call 130: severobaykalsk (http://api.openweathermap.org/data/2.5/weather?lat=56&lon=109)
2018-03-29 10:11:15,438 - Call 131: illoqqortoormiut (http://api.openweathermap.org/data/2.5/weather?lat=78&lon=-23)
2018-03-29 10:11:16,808 - Call 132: vieques (http://api.openweathermap.org/data/2.5/weather?lat=16&lon=-65)
2018-03-29 10:11:18,121 - Call 133: saint-philippe (http://api.openweathermap.org/data/2.5/weather?lat=-63&lon=75)
2018-03-29 10:11:19,519 - Call 134: lensk (http://api.openweathermap.org/data/2.5/weather?lat=60&lon=115)
2018-03-29 10:11:20,827 - Call 135: rikitea (http://api.openweathermap.org/data/2.5/weather?lat=-29&lon=-115)
2018-03-29 10:11:22,202 - Call 136: puerto ayora (http://api.openweathermap.org/data/2.5/weather?lat=-24&lon=-103)
2018-03-29 10:11:23,524 - Call 137: port alfred (http://api.openweathermap.org/data/2.5/weather?lat=-75&lon=40)
2018-03-29 10:11:24,988 - Call 138: hermanus (http://api.openweathermap.org/data/2.5/weather?lat=-81&lon=9)
2018-03-29 10:11:26,527 - Call 139: illoqqortoormiut (http://api.openweathermap.org/data/2.5/weather?lat=85&lon=-15)
2018-03-29 10:11:27,878 - Call 140: isaka (http://api.openweathermap.org/data/2.5/weather?lat=-4&lon=33)
2018-03-29 10:11:29,297 - Call 141: atuona (http://api.openweathermap.org/data/2.5/weather?lat=2&lon=-137)
2018-03-29 10:11:30,612 - Call 142: palmer (http://api.openweathermap.org/data/2.5/weather?lat=57&lon=-146)
2018-03-29 10:11:31,948 - Call 143: ushuaia (http://api.openweathermap.org/data/2.5/weather?lat=-76&lon=-73)
2018-03-29 10:11:33,404 - Call 144: turiacu (http://api.openweathermap.org/data/2.5/weather?lat=-1&lon=-45)
2018-03-29 10:11:34,747 - Call 145: chagda (http://api.openweathermap.org/data/2.5/weather?lat=58&lon=132)
2018-03-29 10:11:36,136 - Call 146: cherskiy (http://api.openweathermap.org/data/2.5/weather?lat=76&lon=162)
2018-03-29 10:11:37,495 - Call 147: bredasdorp (http://api.openweathermap.org/data/2.5/weather?lat=-63&lon=16)
2018-03-29 10:11:39,022 - Call 148: ushuaia (http://api.openweathermap.org/data/2.5/weather?lat=-86&lon=-76)
2018-03-29 10:11:40,336 - Call 149: san carlos (http://api.openweathermap.org/data/2.5/weather?lat=-22&lon=-57)
2018-03-29 10:11:41,656 - Call 150: rawson (http://api.openweathermap.org/data/2.5/weather?lat=-45&lon=-65)
2018-03-29 10:11:43,490 - Call 151: mount gambier (http://api.openweathermap.org/data/2.5/weather?lat=-50&lon=133)
2018-03-29 10:11:44,868 - Call 152: carnarvon (http://api.openweathermap.org/data/2.5/weather?lat=-22&lon=112)
2018-03-29 10:11:46,176 - Call 153: benoy (http://api.openweathermap.org/data/2.5/weather?lat=9&lon=16)
2018-03-29 10:11:47,486 - Call 154: la tuque (http://api.openweathermap.org/data/2.5/weather?lat=47&lon=-73)
2018-03-29 10:11:48,816 - Call 155: cape town (http://api.openweathermap.org/data/2.5/weather?lat=-74&lon=-12)
2018-03-29 10:11:50,160 - Call 156: hilo (http://api.openweathermap.org/data/2.5/weather?lat=7&lon=-149)
2018-03-29 10:11:51,496 - Call 157: iranshahr (http://api.openweathermap.org/data/2.5/weather?lat=27&lon=62)
2018-03-29 10:11:52,837 - Call 158: jashpurnagar (http://api.openweathermap.org/data/2.5/weather?lat=23&lon=84)
2018-03-29 10:11:54,137 - Call 159: laguna (http://api.openweathermap.org/data/2.5/weather?lat=-31&lon=-44)
2018-03-29 10:11:55,517 - Call 160: bobrov (http://api.openweathermap.org/data/2.5/weather?lat=51&lon=40)
2018-03-29 10:11:56,826 - Call 161: clyde river (http://api.openweathermap.org/data/2.5/weather?lat=71&lon=-72)
2018-03-29 10:11:58,126 - Call 162: hermanus (http://api.openweathermap.org/data/2.5/weather?lat=-74&lon=2)
2018-03-29 10:11:59,416 - Call 163: rikitea (http://api.openweathermap.org/data/2.5/weather?lat=-57&lon=-127)
2018-03-29 10:12:00,946 - Call 164: albany (http://api.openweathermap.org/data/2.5/weather?lat=-38&lon=115)
2018-03-29 10:12:02,371 - Call 165: mar del plata (http://api.openweathermap.org/data/2.5/weather?lat=-63&lon=-28)
2018-03-29 10:12:03,677 - Call 166: primorsko-akhtarsk (http://api.openweathermap.org/data/2.5/weather?lat=46&lon=38)
2018-03-29 10:12:05,006 - Call 167: hobart (http://api.openweathermap.org/data/2.5/weather?lat=-63&lon=141)
2018-03-29 10:12:06,371 - Call 168: phalaborwa (http://api.openweathermap.org/data/2.5/weather?lat=-23&lon=32)
2018-03-29 10:12:07,678 - Call 169: pathardi (http://api.openweathermap.org/data/2.5/weather?lat=19&lon=75)
2018-03-29 10:12:08,996 - Call 170: kapaa (http://api.openweathermap.org/data/2.5/weather?lat=12&lon=-176)
2018-03-29 10:12:10,296 - Call 171: nizhneyansk (http://api.openweathermap.org/data/2.5/weather?lat=79&lon=134)
2018-03-29 10:12:11,616 - Call 172: yellowknife (http://api.openweathermap.org/data/2.5/weather?lat=73&lon=-102)
2018-03-29 10:12:13,007 - Call 173: bilma (http://api.openweathermap.org/data/2.5/weather?lat=20&lon=12)
2018-03-29 10:12:14,393 - Call 174: hasaki (http://api.openweathermap.org/data/2.5/weather?lat=30&lon=157)
2018-03-29 10:12:15,718 - Call 175: chake chake (http://api.openweathermap.org/data/2.5/weather?lat=-6&lon=42)
2018-03-29 10:12:17,038 - Call 176: taolanaro (http://api.openweathermap.org/data/2.5/weather?lat=-53&lon=53)
2018-03-29 10:12:18,332 - Call 177: nalut (http://api.openweathermap.org/data/2.5/weather?lat=29&lon=11)
2018-03-29 10:12:19,648 - Call 178: buseresere (http://api.openweathermap.org/data/2.5/weather?lat=-3&lon=32)
2018-03-29 10:12:20,999 - Call 179: bethel (http://api.openweathermap.org/data/2.5/weather?lat=41&lon=-173)
2018-03-29 10:12:22,309 - Call 180: sentyabrskiy (http://api.openweathermap.org/data/2.5/weather?lat=39&lon=152)
2018-03-29 10:12:23,890 - Call 181: pacific grove (http://api.openweathermap.org/data/2.5/weather?lat=28&lon=-133)
2018-03-29 10:12:25,189 - Call 182: taolanaro (http://api.openweathermap.org/data/2.5/weather?lat=-63&lon=63)
2018-03-29 10:12:26,495 - Call 183: bluff (http://api.openweathermap.org/data/2.5/weather?lat=-90&lon=156)
2018-03-29 10:12:27,797 - Call 184: new norfolk (http://api.openweathermap.org/data/2.5/weather?lat=-74&lon=128)
2018-03-29 10:12:29,115 - Call 185: leningradskiy (http://api.openweathermap.org/data/2.5/weather?lat=80&lon=179)
2018-03-29 10:12:30,420 - Call 186: upernavik (http://api.openweathermap.org/data/2.5/weather?lat=78&lon=-55)
2018-03-29 10:12:31,996 - Call 187: vaitupu (http://api.openweathermap.org/data/2.5/weather?lat=-7&lon=-177)
2018-03-29 10:12:33,296 - Call 188: mataura (http://api.openweathermap.org/data/2.5/weather?lat=-43&lon=-156)
2018-03-29 10:12:34,635 - Call 189: cocorit (http://api.openweathermap.org/data/2.5/weather?lat=28&lon=-110)
2018-03-29 10:12:35,965 - Call 190: bredasdorp (http://api.openweathermap.org/data/2.5/weather?lat=-35&lon=20)
2018-03-29 10:12:37,605 - Call 191: severo-yeniseyskiy (http://api.openweathermap.org/data/2.5/weather?lat=61&lon=93)
2018-03-29 10:12:39,033 - Call 192: albany (http://api.openweathermap.org/data/2.5/weather?lat=-68&lon=102)
2018-03-29 10:12:40,462 - Call 193: attawapiskat (http://api.openweathermap.org/data/2.5/weather?lat=54&lon=-80)
2018-03-29 10:12:41,915 - Call 194: bethel (http://api.openweathermap.org/data/2.5/weather?lat=46&lon=-171)
2018-03-29 10:12:43,235 - Call 195: barrow (http://api.openweathermap.org/data/2.5/weather?lat=77&lon=-165)
2018-03-29 10:12:44,880 - Call 196: grand river south east (http://api.openweathermap.org/data/2.5/weather?lat=-28&lon=83)
2018-03-29 10:12:46,226 - Call 197: atuona (http://api.openweathermap.org/data/2.5/weather?lat=-4&lon=-140)
2018-03-29 10:12:47,525 - Call 198: manicore (http://api.openweathermap.org/data/2.5/weather?lat=-6&lon=-61)
2018-03-29 10:12:48,825 - Call 199: mataura (http://api.openweathermap.org/data/2.5/weather?lat=-63&lon=-147)
2018-03-29 10:12:50,145 - Call 200: busselton (http://api.openweathermap.org/data/2.5/weather?lat=-62&lon=101)
2018-03-29 10:12:51,685 - Call 201: cherskiy (http://api.openweathermap.org/data/2.5/weather?lat=84&lon=164)
2018-03-29 10:12:53,022 - Call 202: saleaula (http://api.openweathermap.org/data/2.5/weather?lat=5&lon=-169)
2018-03-29 10:12:54,357 - Call 203: eureka (http://api.openweathermap.org/data/2.5/weather?lat=41&lon=-135)
2018-03-29 10:12:55,806 - Call 204: bluff (http://api.openweathermap.org/data/2.5/weather?lat=-76&lon=162)
2018-03-29 10:12:57,348 - Call 205: taolanaro (http://api.openweathermap.org/data/2.5/weather?lat=-52&lon=58)
2018-03-29 10:12:58,881 - Call 206: labuhan (http://api.openweathermap.org/data/2.5/weather?lat=-14&lon=98)
2018-03-29 10:13:00,176 - Call 207: rikitea (http://api.openweathermap.org/data/2.5/weather?lat=-64&lon=-116)
2018-03-29 10:13:01,485 - Call 208: barrow (http://api.openweathermap.org/data/2.5/weather?lat=84&lon=-161)
2018-03-29 10:13:02,855 - Call 209: tautira (http://api.openweathermap.org/data/2.5/weather?lat=-17&lon=-148)
2018-03-29 10:13:04,404 - Call 210: belushya guba (http://api.openweathermap.org/data/2.5/weather?lat=85&lon=57)
2018-03-29 10:13:05,716 - Call 211: oistins (http://api.openweathermap.org/data/2.5/weather?lat=12&lon=-57)
2018-03-29 10:13:07,110 - Call 212: beian (http://api.openweathermap.org/data/2.5/weather?lat=48&lon=127)
2018-03-29 10:13:08,642 - Call 213: pacific grove (http://api.openweathermap.org/data/2.5/weather?lat=27&lon=-134)
2018-03-29 10:13:09,954 - Call 214: ode (http://api.openweathermap.org/data/2.5/weather?lat=8&lon=6)
2018-03-29 10:13:11,291 - Call 215: saint george (http://api.openweathermap.org/data/2.5/weather?lat=31&lon=-62)
2018-03-29 10:13:12,907 - Call 216: sao joao da barra (http://api.openweathermap.org/data/2.5/weather?lat=-30&lon=-26)
2018-03-29 10:13:14,215 - Call 217: mataura (http://api.openweathermap.org/data/2.5/weather?lat=-65&lon=-148)
2018-03-29 10:13:15,514 - Call 218: iquitos (http://api.openweathermap.org/data/2.5/weather?lat=-3&lon=-74)
2018-03-29 10:13:16,893 - Call 219: bluff (http://api.openweathermap.org/data/2.5/weather?lat=-83&lon=173)
2018-03-29 10:13:18,215 - Call 220: nanortalik (http://api.openweathermap.org/data/2.5/weather?lat=56&lon=-41)
2018-03-29 10:13:19,579 - Call 221: kodiak (http://api.openweathermap.org/data/2.5/weather?lat=40&lon=-147)
2018-03-29 10:13:20,878 - Call 222: clyde river (http://api.openweathermap.org/data/2.5/weather?lat=70&lon=-76)
2018-03-29 10:13:22,485 - Call 223: rikitea (http://api.openweathermap.org/data/2.5/weather?lat=-75&lon=-130)
2018-03-29 10:13:24,091 - Call 224: vanimo (http://api.openweathermap.org/data/2.5/weather?lat=-3&lon=140)
2018-03-29 10:13:25,475 - Call 225: new norfolk (http://api.openweathermap.org/data/2.5/weather?lat=-66&lon=131)
2018-03-29 10:13:26,774 - Call 226: esperance (http://api.openweathermap.org/data/2.5/weather?lat=-44&lon=127)
2018-03-29 10:13:28,134 - Call 227: geraldton (http://api.openweathermap.org/data/2.5/weather?lat=-29&lon=114)
2018-03-29 10:13:29,445 - Call 228: mataura (http://api.openweathermap.org/data/2.5/weather?lat=-21&lon=-143)
2018-03-29 10:13:30,744 - Call 229: atuona (http://api.openweathermap.org/data/2.5/weather?lat=-2&lon=-124)
2018-03-29 10:13:32,384 - Call 230: new norfolk (http://api.openweathermap.org/data/2.5/weather?lat=-72&lon=136)
2018-03-29 10:13:33,704 - Call 231: minbu (http://api.openweathermap.org/data/2.5/weather?lat=20&lon=94)
2018-03-29 10:13:35,009 - Call 232: le vauclin (http://api.openweathermap.org/data/2.5/weather?lat=15&lon=-60)
2018-03-29 10:13:36,338 - Call 233: amderma (http://api.openweathermap.org/data/2.5/weather?lat=70&lon=62)
2018-03-29 10:13:37,904 - Call 234: kapit (http://api.openweathermap.org/data/2.5/weather?lat=2&lon=115)
2018-03-29 10:13:39,304 - Call 235: ushuaia (http://api.openweathermap.org/data/2.5/weather?lat=-78&lon=-42)
2018-03-29 10:13:40,831 - Call 236: berlevag (http://api.openweathermap.org/data/2.5/weather?lat=87&lon=31)
2018-03-29 10:13:42,355 - Call 237: puerto leguizamo (http://api.openweathermap.org/data/2.5/weather?lat=-1&lon=-75)
2018-03-29 10:13:43,736 - Call 238: torbay (http://api.openweathermap.org/data/2.5/weather?lat=41&lon=-45)
2018-03-29 10:13:45,026 - Call 239: atuona (http://api.openweathermap.org/data/2.5/weather?lat=-12&lon=-133)
2018-03-29 10:13:46,322 - Call 240: barentsburg (http://api.openweathermap.org/data/2.5/weather?lat=83&lon=5)
2018-03-29 10:13:47,857 - Call 241: elliot (http://api.openweathermap.org/data/2.5/weather?lat=-31&lon=28)
2018-03-29 10:13:49,513 - Call 242: san cristobal (http://api.openweathermap.org/data/2.5/weather?lat=-4&lon=-87)
2018-03-29 10:13:50,843 - Call 243: tarakan (http://api.openweathermap.org/data/2.5/weather?lat=3&lon=119)
2018-03-29 10:13:52,373 - Call 244: bethel (http://api.openweathermap.org/data/2.5/weather?lat=61&lon=-157)
2018-03-29 10:13:53,714 - Call 245: neuchatel (http://api.openweathermap.org/data/2.5/weather?lat=47&lon=7)
2018-03-29 10:13:55,335 - Call 246: rikitea (http://api.openweathermap.org/data/2.5/weather?lat=-31&lon=-137)
2018-03-29 10:13:56,654 - Call 247: albany (http://api.openweathermap.org/data/2.5/weather?lat=-70&lon=98)
2018-03-29 10:13:58,294 - Call 248: praia (http://api.openweathermap.org/data/2.5/weather?lat=12&lon=-23)
2018-03-29 10:13:59,664 - Call 249: bubaque (http://api.openweathermap.org/data/2.5/weather?lat=8&lon=-20)
2018-03-29 10:14:01,283 - Call 250: cumaribo (http://api.openweathermap.org/data/2.5/weather?lat=3&lon=-70)
2018-03-29 10:14:02,625 - Call 251: itarema (http://api.openweathermap.org/data/2.5/weather?lat=8&lon=-36)
2018-03-29 10:14:04,234 - Call 252: kruisfontein (http://api.openweathermap.org/data/2.5/weather?lat=-85&lon=30)
2018-03-29 10:14:05,623 - Call 253: khoy (http://api.openweathermap.org/data/2.5/weather?lat=39&lon=45)
2018-03-29 10:14:06,931 - Call 254: kemijarvi (http://api.openweathermap.org/data/2.5/weather?lat=67&lon=27)
2018-03-29 10:14:08,232 - Call 255: rikitea (http://api.openweathermap.org/data/2.5/weather?lat=-88&lon=-127)
2018-03-29 10:14:09,515 - Call 256: huadian (http://api.openweathermap.org/data/2.5/weather?lat=43&lon=127)
2018-03-29 10:14:10,864 - Call 257: mataura (http://api.openweathermap.org/data/2.5/weather?lat=-49&lon=-154)
2018-03-29 10:14:12,213 - Call 258: voi (http://api.openweathermap.org/data/2.5/weather?lat=-3&lon=39)
2018-03-29 10:14:13,755 - Call 259: hilo (http://api.openweathermap.org/data/2.5/weather?lat=14&lon=-144)
2018-03-29 10:14:15,173 - Call 260: avera (http://api.openweathermap.org/data/2.5/weather?lat=-24&lon=-154)
2018-03-29 10:14:16,509 - Call 261: taolanaro (http://api.openweathermap.org/data/2.5/weather?lat=-82&lon=74)
2018-03-29 10:14:17,905 - Call 262: butaritari (http://api.openweathermap.org/data/2.5/weather?lat=13&lon=174)
2018-03-29 10:14:19,272 - Call 263: ushuaia (http://api.openweathermap.org/data/2.5/weather?lat=-74&lon=-58)
2018-03-29 10:14:20,885 - Call 264: hofn (http://api.openweathermap.org/data/2.5/weather?lat=62&lon=-17)
2018-03-29 10:14:22,206 - Call 265: zhigalovo (http://api.openweathermap.org/data/2.5/weather?lat=55&lon=106)
2018-03-29 10:14:23,549 - Call 266: taolanaro (http://api.openweathermap.org/data/2.5/weather?lat=-76&lon=71)
2018-03-29 10:14:24,860 - Call 267: tucumcari (http://api.openweathermap.org/data/2.5/weather?lat=36&lon=-104)
2018-03-29 10:14:26,203 - Call 268: cape town (http://api.openweathermap.org/data/2.5/weather?lat=-48&lon=-3)
2018-03-29 10:14:27,524 - Call 269: bredasdorp (http://api.openweathermap.org/data/2.5/weather?lat=-35&lon=21)
2018-03-29 10:14:29,071 - Call 270: busselton (http://api.openweathermap.org/data/2.5/weather?lat=-55&lon=104)
2018-03-29 10:14:30,601 - Call 271: saskylakh (http://api.openweathermap.org/data/2.5/weather?lat=82&lon=113)
2018-03-29 10:14:32,243 - Call 272: thompson (http://api.openweathermap.org/data/2.5/weather?lat=64&lon=-98)
2018-03-29 10:14:33,874 - Call 273: padang (http://api.openweathermap.org/data/2.5/weather?lat=-4&lon=95)
2018-03-29 10:14:35,193 - Call 274: calama (http://api.openweathermap.org/data/2.5/weather?lat=-24&lon=-68)
2018-03-29 10:14:36,483 - Call 275: illoqqortoormiut (http://api.openweathermap.org/data/2.5/weather?lat=85&lon=-11)
2018-03-29 10:14:37,863 - Call 276: belushya guba (http://api.openweathermap.org/data/2.5/weather?lat=74&lon=54)
2018-03-29 10:14:39,204 - Call 277: inirida (http://api.openweathermap.org/data/2.5/weather?lat=3&lon=-67)
2018-03-29 10:14:40,546 - Call 278: torbay (http://api.openweathermap.org/data/2.5/weather?lat=45&lon=-43)
2018-03-29 10:14:41,852 - Call 279: taber (http://api.openweathermap.org/data/2.5/weather?lat=50&lon=-112)
2018-03-29 10:14:43,183 - Call 280: san cristobal (http://api.openweathermap.org/data/2.5/weather?lat=-9&lon=-89)
2018-03-29 10:14:44,724 - Call 281: punta arenas (http://api.openweathermap.org/data/2.5/weather?lat=-78&lon=-104)
2018-03-29 10:14:46,253 - Call 282: shache (http://api.openweathermap.org/data/2.5/weather?lat=37&lon=81)
2018-03-29 10:14:47,833 - Call 283: mataura (http://api.openweathermap.org/data/2.5/weather?lat=-77&lon=-161)
2018-03-29 10:14:49,362 - Call 284: taltal (http://api.openweathermap.org/data/2.5/weather?lat=-26&lon=-75)
2018-03-29 10:14:50,761 - Call 285: rikitea (http://api.openweathermap.org/data/2.5/weather?lat=-70&lon=-131)
2018-03-29 10:14:52,302 - Call 286: ushuaia (http://api.openweathermap.org/data/2.5/weather?lat=-57&lon=-60)
2018-03-29 10:14:53,602 - Call 287: taltal (http://api.openweathermap.org/data/2.5/weather?lat=-26&lon=-76)
2018-03-29 10:14:54,912 - Call 288: ushuaia (http://api.openweathermap.org/data/2.5/weather?lat=-62&lon=-72)
2018-03-29 10:14:56,512 - Call 289: ushuaia (http://api.openweathermap.org/data/2.5/weather?lat=-89&lon=-70)
2018-03-29 10:14:58,381 - Call 290: punta arenas (http://api.openweathermap.org/data/2.5/weather?lat=-77&lon=-107)
2018-03-29 10:14:59,686 - Call 291: saint-philippe (http://api.openweathermap.org/data/2.5/weather?lat=-55&lon=67)
2018-03-29 10:15:00,993 - Call 292: halifax (http://api.openweathermap.org/data/2.5/weather?lat=43&lon=-63)
2018-03-29 10:15:02,334 - Call 293: punta arenas (http://api.openweathermap.org/data/2.5/weather?lat=-70&lon=-107)
2018-03-29 10:15:03,657 - Call 294: taolanaro (http://api.openweathermap.org/data/2.5/weather?lat=-77&lon=66)
2018-03-29 10:15:04,992 - Call 295: avarua (http://api.openweathermap.org/data/2.5/weather?lat=-25&lon=-158)
2018-03-29 10:15:06,312 - Call 296: rikitea (http://api.openweathermap.org/data/2.5/weather?lat=-26&lon=-125)
2018-03-29 10:15:07,729 - Call 297: provideniya (http://api.openweathermap.org/data/2.5/weather?lat=58&lon=-174)
2018-03-29 10:15:09,102 - Call 298: phalaborwa (http://api.openweathermap.org/data/2.5/weather?lat=-23&lon=32)
2018-03-29 10:15:10,304 - Call 299: ocos (http://api.openweathermap.org/data/2.5/weather?lat=12&lon=-94)
2018-03-29 10:15:11,632 - Call 300: nizhneyansk (http://api.openweathermap.org/data/2.5/weather?lat=77&lon=138)
2018-03-29 10:15:13,173 - Call 301: atuona (http://api.openweathermap.org/data/2.5/weather?lat=-3&lon=-126)
2018-03-29 10:15:14,488 - Call 302: hermanus (http://api.openweathermap.org/data/2.5/weather?lat=-58&lon=15)
2018-03-29 10:15:15,821 - Call 303: mataura (http://api.openweathermap.org/data/2.5/weather?lat=-74&lon=-158)
2018-03-29 10:15:17,333 - Call 304: hermanus (http://api.openweathermap.org/data/2.5/weather?lat=-86&lon=7)
2018-03-29 10:15:18,921 - Call 305: nikolskoye (http://api.openweathermap.org/data/2.5/weather?lat=31&lon=178)
2018-03-29 10:15:20,492 - Call 306: pevek (http://api.openweathermap.org/data/2.5/weather?lat=76&lon=167)
2018-03-29 10:15:22,582 - Call 307: mataura (http://api.openweathermap.org/data/2.5/weather?lat=-79&lon=-144)
2018-03-29 10:15:24,453 - Call 308: the valley (http://api.openweathermap.org/data/2.5/weather?lat=23&lon=-62)
2018-03-29 10:15:26,333 - Call 309: saint george (http://api.openweathermap.org/data/2.5/weather?lat=30&lon=-58)
2018-03-29 10:15:27,944 - Call 310: port macquarie (http://api.openweathermap.org/data/2.5/weather?lat=-33&lon=159)
2018-03-29 10:15:29,272 - Call 311: kapaa (http://api.openweathermap.org/data/2.5/weather?lat=25&lon=-161)
2018-03-29 10:15:30,584 - Call 312: saint-philippe (http://api.openweathermap.org/data/2.5/weather?lat=-28&lon=58)
2018-03-29 10:15:31,999 - Call 313: bredasdorp (http://api.openweathermap.org/data/2.5/weather?lat=-70&lon=15)
2018-03-29 10:15:33,315 - Call 314: taolanaro (http://api.openweathermap.org/data/2.5/weather?lat=-68&lon=63)
2018-03-29 10:15:34,624 - Call 315: barentsburg (http://api.openweathermap.org/data/2.5/weather?lat=82&lon=5)
2018-03-29 10:15:36,159 - Call 316: wahpeton (http://api.openweathermap.org/data/2.5/weather?lat=46&lon=-97)
2018-03-29 10:15:37,500 - Call 317: collie (http://api.openweathermap.org/data/2.5/weather?lat=-33&lon=118)
2018-03-29 10:15:39,033 - Call 318: tasiilaq (http://api.openweathermap.org/data/2.5/weather?lat=55&lon=-34)
2018-03-29 10:15:40,717 - Call 319: butaritari (http://api.openweathermap.org/data/2.5/weather?lat=18&lon=161)
2018-03-29 10:15:42,341 - Call 320: rocha (http://api.openweathermap.org/data/2.5/weather?lat=-38&lon=-51)
2018-03-29 10:15:43,641 - Call 321: ahumada (http://api.openweathermap.org/data/2.5/weather?lat=30&lon=-106)
2018-03-29 10:15:44,981 - Call 322: remanso (http://api.openweathermap.org/data/2.5/weather?lat=-10&lon=-42)
2018-03-29 10:15:46,421 - Call 323: labutta (http://api.openweathermap.org/data/2.5/weather?lat=16&lon=93)
2018-03-29 10:15:47,753 - Call 324: bilibino (http://api.openweathermap.org/data/2.5/weather?lat=69&lon=165)
2018-03-29 10:15:49,073 - Call 325: lorengau (http://api.openweathermap.org/data/2.5/weather?lat=6&lon=149)
2018-03-29 10:15:50,684 - Call 326: mataura (http://api.openweathermap.org/data/2.5/weather?lat=-53&lon=-150)
2018-03-29 10:15:52,015 - Call 327: sarangani (http://api.openweathermap.org/data/2.5/weather?lat=4&lon=126)
2018-03-29 10:15:53,338 - Call 328: nikolskoye (http://api.openweathermap.org/data/2.5/weather?lat=51&lon=176)
2018-03-29 10:15:54,653 - Call 329: bambous virieux (http://api.openweathermap.org/data/2.5/weather?lat=-29&lon=80)
2018-03-29 10:15:56,030 - Call 330: nikolskoye (http://api.openweathermap.org/data/2.5/weather?lat=38&lon=174)
2018-03-29 10:15:57,375 - Call 331: port alfred (http://api.openweathermap.org/data/2.5/weather?lat=-87&lon=56)
2018-03-29 10:15:58,865 - Call 332: kodiak (http://api.openweathermap.org/data/2.5/weather?lat=44&lon=-146)
2018-03-29 10:16:00,503 - Call 333: nizhneyansk (http://api.openweathermap.org/data/2.5/weather?lat=76&lon=139)
2018-03-29 10:16:02,112 - Call 334: pervomayskiy (http://api.openweathermap.org/data/2.5/weather?lat=64&lon=41)
2018-03-29 10:16:03,414 - Call 335: barrow (http://api.openweathermap.org/data/2.5/weather?lat=87&lon=-157)
2018-03-29 10:16:05,151 - Call 336: ahumada (http://api.openweathermap.org/data/2.5/weather?lat=31&lon=-107)
2018-03-29 10:16:06,460 - Call 337: avarua (http://api.openweathermap.org/data/2.5/weather?lat=-51&lon=-166)
2018-03-29 10:16:08,018 - Call 338: caluquembe (http://api.openweathermap.org/data/2.5/weather?lat=-14&lon=14)
2018-03-29 10:16:09,371 - Call 339: nabire (http://api.openweathermap.org/data/2.5/weather?lat=-3&lon=137)
2018-03-29 10:16:10,740 - Call 340: hermanus (http://api.openweathermap.org/data/2.5/weather?lat=-86&lon=-7)
2018-03-29 10:16:12,684 - Call 341: chokurdakh (http://api.openweathermap.org/data/2.5/weather?lat=77&lon=154)
2018-03-29 10:16:14,291 - Call 342: port alfred (http://api.openweathermap.org/data/2.5/weather?lat=-75&lon=43)
2018-03-29 10:16:15,901 - Call 343: rikitea (http://api.openweathermap.org/data/2.5/weather?lat=-45&lon=-115)
2018-03-29 10:16:17,432 - Call 344: nabire (http://api.openweathermap.org/data/2.5/weather?lat=-3&lon=136)
2018-03-29 10:16:18,732 - Call 345: kitimat (http://api.openweathermap.org/data/2.5/weather?lat=53&lon=-129)
2018-03-29 10:16:20,050 - Call 346: ponta do sol (http://api.openweathermap.org/data/2.5/weather?lat=23&lon=-33)
2018-03-29 10:16:21,380 - Call 347: hamilton (http://api.openweathermap.org/data/2.5/weather?lat=29&lon=-65)
2018-03-29 10:16:22,901 - Call 348: tiksi (http://api.openweathermap.org/data/2.5/weather?lat=76&lon=126)
2018-03-29 10:16:24,220 - Call 349: srednekolymsk (http://api.openweathermap.org/data/2.5/weather?lat=68&lon=157)
2018-03-29 10:16:25,513 - Call 350: hilo (http://api.openweathermap.org/data/2.5/weather?lat=3&lon=-153)
2018-03-29 10:16:27,041 - Call 351: asau (http://api.openweathermap.org/data/2.5/weather?lat=-15&lon=177)
2018-03-29 10:16:28,383 - Call 352: vila velha (http://api.openweathermap.org/data/2.5/weather?lat=-23&lon=-30)
2018-03-29 10:16:29,992 - Call 353: port elizabeth (http://api.openweathermap.org/data/2.5/weather?lat=-42&lon=27)
2018-03-29 10:16:31,516 - Call 354: coos bay (http://api.openweathermap.org/data/2.5/weather?lat=43&lon=-125)
2018-03-29 10:16:32,959 - Call 355: khatanga (http://api.openweathermap.org/data/2.5/weather?lat=86&lon=106)
2018-03-29 10:16:34,914 - Call 356: busselton (http://api.openweathermap.org/data/2.5/weather?lat=-70&lon=96)
2018-03-29 10:16:36,241 - Call 357: aykhal (http://api.openweathermap.org/data/2.5/weather?lat=67&lon=108)
2018-03-29 10:16:37,783 - Call 358: bambous virieux (http://api.openweathermap.org/data/2.5/weather?lat=-37&lon=77)
2018-03-29 10:16:39,350 - Call 359: gao (http://api.openweathermap.org/data/2.5/weather?lat=18&lon=-1)
2018-03-29 10:16:40,849 - Call 360: manado (http://api.openweathermap.org/data/2.5/weather?lat=2&lon=124)
2018-03-29 10:16:42,605 - Call 361: atuona (http://api.openweathermap.org/data/2.5/weather?lat=0&lon=-119)
2018-03-29 10:16:44,203 - Call 362: ponta do sol (http://api.openweathermap.org/data/2.5/weather?lat=21&lon=-26)
2018-03-29 10:16:45,584 - Call 363: puerto ayora (http://api.openweathermap.org/data/2.5/weather?lat=0&lon=-106)
2018-03-29 10:16:47,255 - Call 364: bengkulu (http://api.openweathermap.org/data/2.5/weather?lat=-14&lon=96)
2018-03-29 10:16:48,911 - Call 365: vila franca do campo (http://api.openweathermap.org/data/2.5/weather?lat=32&lon=-25)
2018-03-29 10:16:50,266 - Call 366: urucara (http://api.openweathermap.org/data/2.5/weather?lat=0&lon=-58)
2018-03-29 10:16:51,802 - Call 367: albany (http://api.openweathermap.org/data/2.5/weather?lat=-78&lon=106)
2018-03-29 10:16:53,107 - Call 368: tripoli (http://api.openweathermap.org/data/2.5/weather?lat=34&lon=14)
2018-03-29 10:16:54,650 - Call 369: yagodnoye (http://api.openweathermap.org/data/2.5/weather?lat=63&lon=150)
2018-03-29 10:16:55,958 - Call 370: bluff (http://api.openweathermap.org/data/2.5/weather?lat=-83&lon=170)
2018-03-29 10:16:57,491 - Call 371: jamestown (http://api.openweathermap.org/data/2.5/weather?lat=-45&lon=-11)
2018-03-29 10:16:58,790 - Call 372: coquimbo (http://api.openweathermap.org/data/2.5/weather?lat=-29&lon=-87)
2018-03-29 10:17:00,093 - Call 373: verkhoyansk (http://api.openweathermap.org/data/2.5/weather?lat=67&lon=133)
2018-03-29 10:17:01,675 - Call 374: ormara (http://api.openweathermap.org/data/2.5/weather?lat=22&lon=65)
2018-03-29 10:17:02,984 - Call 375: santa vitoria do palmar (http://api.openweathermap.org/data/2.5/weather?lat=-35&lon=-51)
2018-03-29 10:17:04,303 - Call 376: kapaa (http://api.openweathermap.org/data/2.5/weather?lat=37&lon=-167)
2018-03-29 10:17:05,830 - Call 377: rikitea (http://api.openweathermap.org/data/2.5/weather?lat=-40&lon=-122)
2018-03-29 10:17:10,169 - Call 378: petrozavodsk (http://api.openweathermap.org/data/2.5/weather?lat=62&lon=35)
2018-03-29 10:17:11,471 - Call 379: lincoln (http://api.openweathermap.org/data/2.5/weather?lat=-46&lon=174)
2018-03-29 10:17:12,806 - Call 380: vaitupu (http://api.openweathermap.org/data/2.5/weather?lat=0&lon=-174)
2018-03-29 10:17:14,144 - Call 381: khatanga (http://api.openweathermap.org/data/2.5/weather?lat=69&lon=104)
2018-03-29 10:17:15,751 - Call 382: odessa (http://api.openweathermap.org/data/2.5/weather?lat=31&lon=-102)
2018-03-29 10:17:17,399 - Call 383: busselton (http://api.openweathermap.org/data/2.5/weather?lat=-59&lon=102)
2018-03-29 10:17:19,333 - Call 384: kapaa (http://api.openweathermap.org/data/2.5/weather?lat=21&lon=-175)
2018-03-29 10:17:20,655 - Call 385: kenai (http://api.openweathermap.org/data/2.5/weather?lat=64&lon=-153)
2018-03-29 10:17:22,020 - Call 386: albany (http://api.openweathermap.org/data/2.5/weather?lat=-55&lon=125)
2018-03-29 10:17:23,337 - Call 387: busselton (http://api.openweathermap.org/data/2.5/weather?lat=-67&lon=94)
2018-03-29 10:17:24,886 - Call 388: nikolskoye (http://api.openweathermap.org/data/2.5/weather?lat=44&lon=166)
2018-03-29 10:17:26,189 - Call 389: rikitea (http://api.openweathermap.org/data/2.5/weather?lat=-75&lon=-141)
2018-03-29 10:17:27,540 - Call 390: ushuaia (http://api.openweathermap.org/data/2.5/weather?lat=-82&lon=-55)
2018-03-29 10:17:29,077 - Call 391: hilo (http://api.openweathermap.org/data/2.5/weather?lat=9&lon=-155)
2018-03-29 10:17:30,379 - Call 392: mataura (http://api.openweathermap.org/data/2.5/weather?lat=-22&lon=-145)
2018-03-29 10:17:31,738 - Call 393: buraydah (http://api.openweathermap.org/data/2.5/weather?lat=27&lon=45)
2018-03-29 10:17:33,292 - Call 394: gurgan (http://api.openweathermap.org/data/2.5/weather?lat=39&lon=52)
2018-03-29 10:17:34,600 - Call 395: port alfred (http://api.openweathermap.org/data/2.5/weather?lat=-85&lon=40)
2018-03-29 10:17:35,891 - Call 396: songling (http://api.openweathermap.org/data/2.5/weather?lat=31&lon=121)
2018-03-29 10:17:37,191 - Call 397: sitka (http://api.openweathermap.org/data/2.5/weather?lat=45&lon=-141)
2018-03-29 10:17:38,500 - Call 398: hithadhoo (http://api.openweathermap.org/data/2.5/weather?lat=-5&lon=82)
2018-03-29 10:17:39,848 - Call 399: lompoc (http://api.openweathermap.org/data/2.5/weather?lat=23&lon=-132)
2018-03-29 10:17:41,149 - Call 400: geraldton (http://api.openweathermap.org/data/2.5/weather?lat=-29&lon=115)
2018-03-29 10:17:42,777 - Call 401: hualmay (http://api.openweathermap.org/data/2.5/weather?lat=-12&lon=-79)
2018-03-29 10:17:44,076 - Call 402: simpang (http://api.openweathermap.org/data/2.5/weather?lat=-1&lon=105)
2018-03-29 10:17:45,409 - Call 403: ushuaia (http://api.openweathermap.org/data/2.5/weather?lat=-90&lon=-23)
2018-03-29 10:17:46,769 - Call 404: ayan (http://api.openweathermap.org/data/2.5/weather?lat=56&lon=139)
2018-03-29 10:17:48,139 - Call 405: matay (http://api.openweathermap.org/data/2.5/weather?lat=28&lon=29)
2018-03-29 10:17:49,463 - Call 406: ahipara (http://api.openweathermap.org/data/2.5/weather?lat=-36&lon=167)
2018-03-29 10:17:50,769 - Call 407: east london (http://api.openweathermap.org/data/2.5/weather?lat=-76&lon=53)
2018-03-29 10:17:52,093 - Call 408: lebu (http://api.openweathermap.org/data/2.5/weather?lat=-31&lon=-99)
2018-03-29 10:17:53,619 - Call 409: albany (http://api.openweathermap.org/data/2.5/weather?lat=-44&lon=118)
2018-03-29 10:17:55,151 - Call 410: cascais (http://api.openweathermap.org/data/2.5/weather?lat=37&lon=-12)
2018-03-29 10:17:56,470 - Call 411: sri aman (http://api.openweathermap.org/data/2.5/weather?lat=1&lon=112)
2018-03-29 10:17:57,859 - Call 412: dikson (http://api.openweathermap.org/data/2.5/weather?lat=77&lon=78)
2018-03-29 10:17:59,164 - Call 413: kalmunai (http://api.openweathermap.org/data/2.5/weather?lat=7&lon=88)
2018-03-29 10:18:00,759 - Call 414: sola (http://api.openweathermap.org/data/2.5/weather?lat=-10&lon=171)
2018-03-29 10:18:02,329 - Call 415: provideniya (http://api.openweathermap.org/data/2.5/weather?lat=64&lon=-174)
2018-03-29 10:18:03,692 - Call 416: yarada (http://api.openweathermap.org/data/2.5/weather?lat=14&lon=86)
2018-03-29 10:18:04,998 - Call 417: nizhneyansk (http://api.openweathermap.org/data/2.5/weather?lat=79&lon=135)
2018-03-29 10:18:06,335 - Call 418: busselton (http://api.openweathermap.org/data/2.5/weather?lat=-89&lon=74)
2018-03-29 10:18:07,649 - Call 419: litovko (http://api.openweathermap.org/data/2.5/weather?lat=50&lon=134)
2018-03-29 10:18:08,962 - Call 420: norman wells (http://api.openweathermap.org/data/2.5/weather?lat=82&lon=-119)
2018-03-29 10:18:10,278 - Call 421: shimoda (http://api.openweathermap.org/data/2.5/weather?lat=21&lon=143)
2018-03-29 10:18:11,601 - Call 422: machilipatnam (http://api.openweathermap.org/data/2.5/weather?lat=15&lon=82)
2018-03-29 10:18:12,895 - Call 423: illoqqortoormiut (http://api.openweathermap.org/data/2.5/weather?lat=89&lon=-35)
2018-03-29 10:18:14,538 - Call 424: lalomanu (http://api.openweathermap.org/data/2.5/weather?lat=-16&lon=-171)
2018-03-29 10:18:16,065 - Call 425: meulaboh (http://api.openweathermap.org/data/2.5/weather?lat=-6&lon=88)
2018-03-29 10:18:17,375 - Call 426: bluff (http://api.openweathermap.org/data/2.5/weather?lat=-90&lon=158)
2018-03-29 10:18:19,067 - Call 427: hermanus (http://api.openweathermap.org/data/2.5/weather?lat=-79&lon=-4)
2018-03-29 10:18:20,380 - Call 428: halifax (http://api.openweathermap.org/data/2.5/weather?lat=39&lon=-60)
2018-03-29 10:18:21,688 - Call 429: avarua (http://api.openweathermap.org/data/2.5/weather?lat=-50&lon=-165)
2018-03-29 10:18:23,311 - Call 430: honningsvag (http://api.openweathermap.org/data/2.5/weather?lat=82&lon=26)
2018-03-29 10:18:24,638 - Call 431: mercedes (http://api.openweathermap.org/data/2.5/weather?lat=-35&lon=-65)
2018-03-29 10:18:25,961 - Call 432: bethel (http://api.openweathermap.org/data/2.5/weather?lat=46&lon=-171)
2018-03-29 10:18:27,277 - Call 433: mar del plata (http://api.openweathermap.org/data/2.5/weather?lat=-48&lon=-45)
2018-03-29 10:18:28,808 - Call 434: marquette (http://api.openweathermap.org/data/2.5/weather?lat=46&lon=-88)
2018-03-29 10:18:30,122 - Call 435: rawson (http://api.openweathermap.org/data/2.5/weather?lat=-51&lon=-57)
2018-03-29 10:18:31,432 - Call 436: namatanai (http://api.openweathermap.org/data/2.5/weather?lat=6&lon=159)
2018-03-29 10:18:32,729 - Call 437: cape town (http://api.openweathermap.org/data/2.5/weather?lat=-41&lon=7)
2018-03-29 10:18:34,039 - Call 438: yellowknife (http://api.openweathermap.org/data/2.5/weather?lat=83&lon=-103)
2018-03-29 10:18:35,565 - Call 439: hilo (http://api.openweathermap.org/data/2.5/weather?lat=31&lon=-145)
2018-03-29 10:18:37,031 - Call 440: taolanaro (http://api.openweathermap.org/data/2.5/weather?lat=-66&lon=60)
2018-03-29 10:18:38,402 - Call 441: ushuaia (http://api.openweathermap.org/data/2.5/weather?lat=-79&lon=-29)
2018-03-29 10:18:39,687 - Call 442: kaitangata (http://api.openweathermap.org/data/2.5/weather?lat=-76&lon=179)
2018-03-29 10:18:41,213 - Call 443: taolanaro (http://api.openweathermap.org/data/2.5/weather?lat=-65&lon=68)
2018-03-29 10:18:42,548 - Call 444: port alfred (http://api.openweathermap.org/data/2.5/weather?lat=-85&lon=45)
2018-03-29 10:18:43,996 - Call 445: xichang (http://api.openweathermap.org/data/2.5/weather?lat=29&lon=101)
2018-03-29 10:18:45,307 - Call 446: tuktoyaktuk (http://api.openweathermap.org/data/2.5/weather?lat=85&lon=-131)
2018-03-29 10:18:46,929 - Call 447: hithadhoo (http://api.openweathermap.org/data/2.5/weather?lat=-5&lon=68)
2018-03-29 10:18:48,248 - Call 448: beloha (http://api.openweathermap.org/data/2.5/weather?lat=-31&lon=40)
2018-03-29 10:18:49,780 - Call 449: nikolskoye (http://api.openweathermap.org/data/2.5/weather?lat=32&lon=176)
2018-03-29 10:18:51,097 - Call 450: saldanha (http://api.openweathermap.org/data/2.5/weather?lat=-44&lon=-3)
2018-03-29 10:18:52,442 - Call 451: cunha (http://api.openweathermap.org/data/2.5/weather?lat=-23&lon=-45)
2018-03-29 10:18:53,887 - Call 452: nola (http://api.openweathermap.org/data/2.5/weather?lat=3&lon=16)
2018-03-29 10:18:55,177 - Call 453: mys shmidta (http://api.openweathermap.org/data/2.5/weather?lat=79&lon=-178)
2018-03-29 10:18:56,511 - Call 454: beyneu (http://api.openweathermap.org/data/2.5/weather?lat=47&lon=56)
2018-03-29 10:18:58,037 - Call 455: khatanga (http://api.openweathermap.org/data/2.5/weather?lat=73&lon=108)
2018-03-29 10:18:59,441 - Call 456: airai (http://api.openweathermap.org/data/2.5/weather?lat=18&lon=141)
2018-03-29 10:19:01,071 - Call 457: hilo (http://api.openweathermap.org/data/2.5/weather?lat=17&lon=-146)
2018-03-29 10:19:02,601 - Call 458: saskylakh (http://api.openweathermap.org/data/2.5/weather?lat=84&lon=110)
2018-03-29 10:19:04,302 - Call 459: codrington (http://api.openweathermap.org/data/2.5/weather?lat=27&lon=-49)
2018-03-29 10:19:05,746 - Call 460: chapais (http://api.openweathermap.org/data/2.5/weather?lat=54&lon=-73)
2018-03-29 10:19:07,061 - Call 461: hudson bay (http://api.openweathermap.org/data/2.5/weather?lat=53&lon=-102)
2018-03-29 10:19:08,482 - Call 462: taolanaro (http://api.openweathermap.org/data/2.5/weather?lat=-51&lon=53)
2018-03-29 10:19:09,808 - Call 463: lorengau (http://api.openweathermap.org/data/2.5/weather?lat=1&lon=146)
2018-03-29 10:19:11,343 - Call 464: lata (http://api.openweathermap.org/data/2.5/weather?lat=-9&lon=170)
2018-03-29 10:19:12,721 - Call 465: hambantota (http://api.openweathermap.org/data/2.5/weather?lat=3&lon=82)
2018-03-29 10:19:14,007 - Call 466: aklavik (http://api.openweathermap.org/data/2.5/weather?lat=68&lon=-135)
2018-03-29 10:19:15,327 - Call 467: las palmas (http://api.openweathermap.org/data/2.5/weather?lat=29&lon=-15)
2018-03-29 10:19:16,659 - Call 468: faya (http://api.openweathermap.org/data/2.5/weather?lat=20&lon=24)
2018-03-29 10:19:18,250 - Call 469: taolanaro (http://api.openweathermap.org/data/2.5/weather?lat=-61&lon=57)
2018-03-29 10:19:19,558 - Call 470: butaritari (http://api.openweathermap.org/data/2.5/weather?lat=14&lon=173)
2018-03-29 10:19:21,010 - Call 471: mar del plata (http://api.openweathermap.org/data/2.5/weather?lat=-71&lon=-22)
2018-03-29 10:19:22,497 - Call 472: port elizabeth (http://api.openweathermap.org/data/2.5/weather?lat=-86&lon=31)
2018-03-29 10:19:23,867 - Call 473: mataura (http://api.openweathermap.org/data/2.5/weather?lat=-76&lon=-148)
2018-03-29 10:19:25,397 - Call 474: yellowknife (http://api.openweathermap.org/data/2.5/weather?lat=73&lon=-101)
2018-03-29 10:19:26,696 - Call 475: acari (http://api.openweathermap.org/data/2.5/weather?lat=-19&lon=-76)
2018-03-29 10:19:28,097 - Call 476: rikitea (http://api.openweathermap.org/data/2.5/weather?lat=-86&lon=-138)
2018-03-29 10:19:29,428 - Call 477: marevo (http://api.openweathermap.org/data/2.5/weather?lat=57&lon=32)
2018-03-29 10:19:30,747 - Call 478: bluff (http://api.openweathermap.org/data/2.5/weather?lat=-79&lon=161)
2018-03-29 10:19:32,068 - Call 479: te anau (http://api.openweathermap.org/data/2.5/weather?lat=-42&lon=164)
2018-03-29 10:19:33,448 - Call 480: timra (http://api.openweathermap.org/data/2.5/weather?lat=63&lon=17)
2018-03-29 10:19:34,804 - Call 481: gretna (http://api.openweathermap.org/data/2.5/weather?lat=55&lon=-3)
2018-03-29 10:19:36,146 - Call 482: talnakh (http://api.openweathermap.org/data/2.5/weather?lat=77&lon=94)
2018-03-29 10:19:37,896 - Call 483: punta alta (http://api.openweathermap.org/data/2.5/weather?lat=-39&lon=-62)
2018-03-29 10:19:39,226 - Call 484: umzimvubu (http://api.openweathermap.org/data/2.5/weather?lat=-36&lon=32)
2018-03-29 10:19:40,566 - Call 485: khatanga (http://api.openweathermap.org/data/2.5/weather?lat=82&lon=108)
2018-03-29 10:19:42,031 - Call 486: busselton (http://api.openweathermap.org/data/2.5/weather?lat=-73&lon=86)
2018-03-29 10:19:43,399 - Call 487: north bend (http://api.openweathermap.org/data/2.5/weather?lat=44&lon=-129)
2018-03-29 10:19:44,706 - Call 488: cherskiy (http://api.openweathermap.org/data/2.5/weather?lat=70&lon=163)
2018-03-29 10:19:46,327 - Call 489: illoqqortoormiut (http://api.openweathermap.org/data/2.5/weather?lat=85&lon=-30)
2018-03-29 10:19:47,870 - Call 490: ponta do sol (http://api.openweathermap.org/data/2.5/weather?lat=15&lon=-36)
2018-03-29 10:19:49,190 - Call 491: taolanaro (http://api.openweathermap.org/data/2.5/weather?lat=-62&lon=65)
2018-03-29 10:19:50,536 - Call 492: rikitea (http://api.openweathermap.org/data/2.5/weather?lat=-71&lon=-133)
2018-03-29 10:19:51,837 - Call 493: port alfred (http://api.openweathermap.org/data/2.5/weather?lat=-89&lon=41)
2018-03-29 10:19:53,156 - Call 494: kapaa (http://api.openweathermap.org/data/2.5/weather?lat=34&lon=-157)
2018-03-29 10:19:54,467 - Call 495: rikitea (http://api.openweathermap.org/data/2.5/weather?lat=-22&lon=-114)
2018-03-29 10:19:55,778 - Call 496: karratha (http://api.openweathermap.org/data/2.5/weather?lat=-17&lon=111)
2018-03-29 10:19:57,109 - Call 497: comodoro rivadavia (http://api.openweathermap.org/data/2.5/weather?lat=-49&lon=-63)
2018-03-29 10:19:58,416 - Call 498: ixtapa (http://api.openweathermap.org/data/2.5/weather?lat=5&lon=-108)
2018-03-29 10:19:59,736 - Call 499: hobart (http://api.openweathermap.org/data/2.5/weather?lat=-57&lon=150)
